mmap(NULL, 8192, PROT_READ|PROT_WRITE, MAP_PRIVATE|MAP_ANONYMOUS, -1, 0) = 0x751262390000
openat(AT_FDCWD, "/etc/ld.so.cache", O_RDONLY|O_CLOEXEC) = 3
mmap(NULL, 60859, PROT_READ, MAP_PRIVATE, 3, 0) = 0x751262381000
openat(AT_FDCWD, "/lib/x86_64-linux-gnu/libc.so.6", O_RDONLY|O_CLOEXEC) = 3
read(3, "\177ELF\2\1\1\3\0\0\0\0\0\0\0\0\3\0>\0\1\0\0\0P\237\2\0\0\0\0\0"..., 832) = 832
mmap(NULL, 2264656, PROT_READ, MAP_PRIVATE|MAP_DENYWRITE, 3, 0) = 0x751262000000
mmap(0x751262028000, 1658880, PROT_READ|PROT_EXEC, MAP_PRIVATE|MAP_FIXED|MAP_DENYWRITE, 3, 0x28000) = 0x751262028000
mmap(0x7512621bd000, 360448, PROT_READ, MAP_PRIVATE|MAP_FIXED|MAP_DENYWRITE, 3, 0x1bd000) = 0x7512621bd000
mmap(0x751262216000, 24576, PROT_READ|PROT_WRITE, MAP_PRIVATE|MAP_FIXED|MAP_DENYWRITE, 3, 0x215000) = 0x751262216000
mmap(0x75126221c000, 52816, PROT_READ|PROT_WRITE, MAP_PRIVATE|MAP_FIXED|MAP_ANONYMOUS, -1, 0) = 0x75126221c000
mmap(NULL, 12288, PROT_READ|PROT_WRITE, MAP_PRIVATE|MAP_ANONYMOUS, -1, 0) = 0x75126237e000
openat(AT_FDCWD, "REQ_PIPE_23302", O_RDONLY) = 3
openat(AT_FDCWD, "RESP_PIPE_23302", O_WRONLY) = 4
read(3, "C", 1)                         = 1
read(3, "R", 1)                         = 1
read(3, "E", 1)                         = 1
read(3, "A", 1)                         = 1
read(3, "T", 1)                         = 1
read(3, "E", 1)                         = 1
read(3, "_", 1)                         = 1
read(3, "S", 1)                         = 1
read(3, "H", 1)                         = 1
read(3, "M", 1)                         = 1
read(3, "#", 1)                         = 1
read(3, "\213\27H\0", 4)                = 4
openat(AT_FDCWD, "/dev/shm/9ZNXBn", O_RDWR|O_CREAT|O_NOFOLLOW|O_CLOEXEC, 0600) = 5
mmap(NULL, 4724619, PROT_READ|PROT_WRITE, MAP_SHARED, 5, 0) = 0x751261b7e000
read(3, "M", 1)                         = 1
read(3, "A", 1)                         = 1
read(3, "P", 1)                         = 1
read(3, "_", 1)                         = 1
read(3, "F", 1)                         = 1
read(3, "I", 1)                         = 1
read(3, "L", 1)                         = 1
read(3, "E", 1)                         = 1
read(3, "#", 1)                         = 1
read(3, "t", 1)                         = 1
read(3, "e", 1)                         = 1
read(3, "s", 1)                         = 1
read(3, "t", 1)                         = 1
read(3, "_", 1)                         = 1
read(3, "r", 1)                         = 1
read(3, "o", 1)                         = 1
read(3, "o", 1)                         = 1
read(3, "t", 1)                         = 1
read(3, "/", 1)                         = 1
read(3, "j", 1)                         = 1
read(3, "c", 1)                         = 1
read(3, "m", 1)                         = 1
read(3, "P", 1)                         = 1
read(3, "d", 1)                         = 1
read(3, "I", 1)                         = 1
read(3, "u", 1)                         = 1
read(3, "f", 1)                         = 1
read(3, "D", 1)                         = 1
read(3, "3", 1)                         = 1
read(3, ".", 1)                         = 1
read(3, "q", 1)                         = 1
read(3, "3", 1)                         = 1
read(3, "l", 1)                         = 1
read(3, "#", 1)                         = 1
openat(AT_FDCWD, "test_root/jcmPdIufD3.q3l", O_RDONLY) = 6
mmap(NULL, 59386, PROT_READ, MAP_SHARED, 6, 0) = 0x751262381000
read(3, "R", 1)                         = 1
read(3, "E", 1)                         = 1
read(3, "A", 1)                         = 1
read(3, "D", 1)                         = 1
read(3, "_", 1)                         = 1
read(3, "F", 1)                         = 1
read(3, "R", 1)                         = 1
read(3, "O", 1)                         = 1
read(3, "M", 1)                         = 1
read(3, "_", 1)                         = 1
read(3, "L", 1)                         = 1
read(3, "O", 1)                         = 1
read(3, "G", 1)                         = 1
read(3, "I", 1)                         = 1
read(3, "C", 1)                         = 1
read(3, "A", 1)                         = 1
read(3, "L", 1)                         = 1
read(3, "_", 1)                         = 1
read(3, "S", 1)                         = 1
read(3, "P", 1)                         = 1
read(3, "A", 1)                         = 1
read(3, "C", 1)                         = 1
read(3, "E", 1)                         = 1
read(3, "_", 1)                         = 1
read(3, "O", 1)                         = 1
read(3, "F", 1)                         = 1
read(3, "F", 1)                         = 1
read(3, "S", 1)                         = 1
read(3, "E", 1)                         = 1
read(3, "T", 1)                         = 1
read(3, "#", 1)                         = 1
read(3, "s \0\0", 4)                    = 4
read(3, "f\2\0\0", 4)                   = 4
--- SIGSEGV {si_signo=SIGSEGV, si_code=SEGV_MAPERR, si_addr=NULL} ---
+++ killed by SIGSEGV (core dumped) +++
